# Literature Review Critique Log

## Domain 2a: PCG Foundations
**Reviewed:** 2025-12-28
**Grade:** C- (Needs significant expansion)

### Key Issues
1. **Missing papers:** Hendrikx et al. (2013) survey, Smith & Whitehead (2010) expressive range, mixed-initiative papers (Sentient Sketchbook)
2. **Missing techniques:** BSP, Voronoi, Diamond-Square algorithm
3. **Weak thesis connection:** Insufficient link to "enabling small teams" for open-world RPGs
4. **Poor narrative:** Placeholder synthesis, no chronological progression

### Required Additions
- Hendrikx et al. (2013) - Alternative PCG survey (~700 citations)
- Smith & Whitehead (2010) - Expressive range analysis
- Liapis, Yannakakis & Togelius (2013) - Sentient Sketchbook (mixed-initiative)
- Dormans (2010) - Graph grammars for dungeons
- Industry examples: Spelunky, Dwarf Fortress, Minecraft

### Actions Taken
- [x] Searched for additional papers
- [x] Revised summary with better structure
- [x] Added thesis relevance section
- [x] Updated BibTeX

### Revision Complete (2025-12-28)
**Grade: B+** (Comprehensive coverage, strong thesis connection)

Added:
- Hendrikx et al. (2013) - 346 citations
- Dormans (2010) - 81 citations
- Smith & Whitehead (2010) - 128 citations
- Liapis mixed-initiative (2016) - 31 citations
- Summerville (2018) - 25 citations
- BSP, Voronoi, Diamond-Square techniques
- Industry examples: Spelunky, Minecraft, Dwarf Fortress, No Man's Sky
- Chronological structure
- Strong thesis relevance sections

---
